<?xml version="1.0" encoding="UTF-8"?>
<!-- Generated by org.testng.reporters.JUnitXMLReporter -->
<testsuite ignored="3" hostname="DESKTOP-46E6TOF" failures="0" tests="3" name="Test" time="0.06" errors="0" timestamp="2022-07-14T10:32:08 IST">
  <testcase classname="sampleexecution.contactTest" name="DeleteContact" time="0.006"/>
  <testcase classname="sampleexecution.campaignModuleTest" name="DeleteCampaign" time="0.001"/>
  <testcase classname="sampleexecution.organizatinTest" name="DeleteOrganization" time="0.003"/>
  <testcase classname="sampleexecution.organizatinTest" name="createOrganization" time="0.0">
    <ignored/>
  </testcase> <!-- createOrganization -->
  <testcase classname="sampleexecution.campaignModuleTest" name="creatcampaign" time="0.0">
    <ignored/>
  </testcase> <!-- creatcampaign -->
  <testcase classname="sampleexecution.contactTest" name="createConatct" time="0.0">
    <ignored/>
  </testcase> <!-- createConatct -->
</testsuite> <!-- Test -->
