<?xml version="1.0" encoding="UTF-8"?>
<testng-results skipped="0" failed="0" ignored="1" total="2" passed="1">
  <reporter-output>
  </reporter-output>
  <suite name="Default suite" duration-ms="34" started-at="2022-07-14T14:25:44 IST" finished-at="2022-07-14T14:25:44 IST">
    <groups>
      <group name="regression">
        <method signature="campaignModuleTest.DeleteCampaign()[pri:0, instance:sampleexecution.campaignModuleTest@6ee52dcd]" name="DeleteCampaign" class="sampleexecution.campaignModuleTest"/>
      </group> <!-- regression -->
    </groups>
    <test name="Default test" duration-ms="34" started-at="2022-07-14T14:25:44 IST" finished-at="2022-07-14T14:25:44 IST">
      <class name="sampleexecution.campaignModuleTest">
        <test-method status="PASS" signature="DeleteCampaign()[pri:0, instance:sampleexecution.campaignModuleTest@6ee52dcd]" name="DeleteCampaign" duration-ms="5" started-at="2022-07-14T14:25:44 IST" finished-at="2022-07-14T14:25:44 IST">
          <reporter-output>
          </reporter-output>
        </test-method> <!-- DeleteCampaign -->
      </class> <!-- sampleexecution.campaignModuleTest -->
    </test> <!-- Default test -->
  </suite> <!-- Default suite -->
</testng-results>
