<?xml version="1.0" encoding="UTF-8"?>
<!-- Generated by org.testng.reporters.JUnitXMLReporter -->
<testsuite hostname="DESKTOP-46E6TOF" ignored="1" name="Default test" tests="1" failures="0" timestamp="2022-07-14T14:25:44 IST" time="0.034" errors="0">
  <testcase name="DeleteCampaign" time="0.005" classname="sampleexecution.campaignModuleTest"/>
  <testcase name="creatcampaign" time="0.0" classname="sampleexecution.campaignModuleTest">
    <ignored/>
  </testcase> <!-- creatcampaign -->
</testsuite> <!-- Default test -->
